<?xml version="1.0" encoding="utf-8" standalone="no"?>
<!--This file represents the results of running a test suite-->
<test-results name="C:\Source\Code Kata\CodeKata\ConsoleApplication1\bin\Debug\CodeKata.dll" total="1" errors="0" failures="1" not-run="0" inconclusive="0" ignored="0" skipped="0" invalid="0" date="2014-08-19" time="20:42:27">
  <environment nunit-version="2.6.3.13283" clr-version="2.0.50727.8009" os-version="Microsoft Windows NT 6.2.9200.0" platform="Win32NT" cwd="C:\Program Files (x86)\NUnit 2.6.3\bin" machine-name="LEE-PC" user="Lee" user-domain="LEE-PC" />
  <culture-info current-culture="en-GB" current-uiculture="en-US" />
  <test-suite type="Assembly" name="C:\Source\Code Kata\CodeKata\ConsoleApplication1\bin\Debug\CodeKata.dll" executed="True" result="Failure" success="False" time="0.003" asserts="0">
    <results>
      <test-suite type="Namespace" name="CodeKata" executed="True" result="Failure" success="False" time="0.003" asserts="0">
        <results>
          <test-suite type="Namespace" name="Tests" executed="True" result="Failure" success="False" time="0.003" asserts="0">
            <results>
              <test-suite type="TestFixture" name="GCDTests" executed="True" result="Failure" success="False" time="0.002" asserts="0">
                <results>
                  <test-case name="CodeKata.Tests.GCDTests.HelloTest" executed="True" result="Failure" success="False" time="0.001" asserts="1">
                    <failure>
                      <message><![CDATA[  Expected: "6"
  But was:  9
]]></message>
                      <stack-trace><![CDATA[at CodeKata.Tests.GCDTests.HelloTest() in c:\Source\Code Kata\CodeKata\ConsoleApplication1\Tests\GCDTests.cs:line 25
]]></stack-trace>
                    </failure>
                  </test-case>
                </results>
              </test-suite>
            </results>
          </test-suite>
        </results>
      </test-suite>
    </results>
  </test-suite>
</test-results>